<?xml version="1.0" encoding="UTF-8"?>
<!-- Generated by org.testng.reporters.JUnitReportReporter -->
<testsuite skipped="0" hostname="Olgas-MacBook-Air.local" name="com.class01.test" tests="3" failures="0" timestamp="30 May 2019 21:36:54 GMT" time="0.020" errors="0">
  <testcase name="test" time="0.003" classname="com.class01.test"/>
  <testcase name="a" time="0.015" classname="com.class01.test"/>
  <testcase name="b" time="0.002" classname="com.class01.test"/>
</testsuite> <!-- com.class01.test -->
