<?xml version="1.0" encoding="UTF-8"?>
<!-- Generated by org.testng.reporters.JUnitReportReporter -->
<testsuite skipped="0" hostname="Olgas-MacBook-Air.local" name="com.class03.BasicsXMLParentOne" tests="3" failures="0" timestamp="06 Jun 2019 01:35:54 GMT" time="0.082" errors="0">
  <testcase name="testTwoFromBasics1" time="0.007" classname="com.class03.BasicsXMLParentOne"/>
  <testcase name="testOneFromBasics1" time="0.066" classname="com.class03.BasicsXMLParentOne"/>
  <testcase name="testThreeFromBasics1" time="0.009" classname="com.class03.BasicsXMLParentOne"/>
</testsuite> <!-- com.class03.BasicsXMLParentOne -->
