<?xml version="1.0" encoding="UTF-8"?>
<!-- Generated by org.testng.reporters.JUnitReportReporter -->
<testsuite skipped="0" hostname="Olgas-MacBook-Air.local" name="com.class04.NewTourExample$NewtoursExample" tests="3" failures="0" timestamp="07 Jun 2019 00:18:52 GMT" time="22.967" errors="0">
  <testcase name="contactInformation" time="6.412" classname="com.class04.NewTourExample$NewtoursExample"/>
  <testcase name="userInformation" time="7.151" classname="com.class04.NewTourExample$NewtoursExample"/>
  <testcase name="mailingInformation" time="9.404" classname="com.class04.NewTourExample$NewtoursExample"/>
</testsuite> <!-- com.class04.NewTourExample$NewtoursExample -->
