<?xml version="1.0" encoding="UTF-8"?>
<!-- Generated by org.testng.reporters.JUnitReportReporter -->
<testsuite skipped="0" hostname="Olgas-MacBook-Air.local" name="com.class02.SmartbearsoftwareExample" tests="3" failures="0" timestamp="31 May 2019 00:33:20 GMT" time="0.928" errors="0">
  <testcase name="loginScreenTitle" time="0.065" classname="com.class02.SmartbearsoftwareExample"/>
  <testcase name="login" time="0.789" classname="com.class02.SmartbearsoftwareExample"/>
  <testcase name="webOrders" time="0.074" classname="com.class02.SmartbearsoftwareExample"/>
</testsuite> <!-- com.class02.SmartbearsoftwareExample -->
