<?xml version="1.0" encoding="UTF-8"?>
<!-- Generated by org.testng.reporters.JUnitReportReporter -->
<testsuite skipped="0" hostname="Olgas-MacBook-Air.local" name="com.syntax.testcases.LoginPageTestNegative" tests="1" failures="0" timestamp="09 Jun 2019 17:06:50 GMT" time="15.939" errors="0">
  <testcase name="loginToOrangeHRM" time="15.939" classname="com.syntax.testcases.LoginPageTestNegative"/>
</testsuite> <!-- com.syntax.testcases.LoginPageTestNegative -->
