<?xml version="1.0" encoding="UTF-8"?>
<!-- Generated by org.testng.reporters.JUnitReportReporter -->
<testsuite skipped="0" hostname="Olgas-MacBook-Air.local" name="com.syntax.testcases.LoginPageTest" tests="2" failures="0" timestamp="09 Jun 2019 17:18:42 GMT" time="25.029" errors="0">
  <testcase name="loginToOrangeHRM" time="5.659" classname="com.syntax.testcases.LoginPageTest"/>
  <testcase name="doLogin" time="19.370" classname="com.syntax.testcases.LoginPageTest"/>
</testsuite> <!-- com.syntax.testcases.LoginPageTest -->
